{"E:\\jest-demo\\coverage.js": {"path":"E:\\jest-demo\\coverage.js","statementMap":{"0":{"start":{"line":2,"column":3},"end":{"line":7,"column":4}},"1":{"start":{"line":4,"column":7},"end":{"line":4,"column":25}},"2":{"start":{"line":6,"column":7},"end":{"line":6,"column":29}},"3":{"start":{"line":10,"column":0},"end":{"line":10,"column":21}}},"fnMap":{"0":{"name":"hello","decl":{"start":{"line":1,"column":9},"end":{"line":1,"column":14}},"loc":{"start":{"line":1,"column":20},"end":{"line":8,"column":1}},"line":1}},"branchMap":{"0":{"loc":{"start":{"line":2,"column":3},"end":{"line":7,"column":4}},"type":"if","locations":[{"start":{"line":2,"column":3},"end":{"line":7,"column":4}},{"start":{"line":2,"column":3},"end":{"line":7,"column":4}}],"line":2}},"s":{"0":1,"1":1,"2":0,"3":1},"f":{"0":1},"b":{"0":[1,0]},"_coverageSchema":"332fd63041d2c1bcb487cc26dd0d5f7d97098a6c","hash":"5b06277592b7327011ab03ed93ba8d6c092f0c28"}
}
